[debug] [2024-12-01T10:08:37.728Z] ----------------------------------------------------------------------
[debug] [2024-12-01T10:08:37.731Z] Command:       /home/enea/.nvm/versions/node/v22.3.0/bin/node /home/enea/.nvm/versions/node/v22.3.0/bin/firebase
[debug] [2024-12-01T10:08:37.731Z] CLI Version:   13.27.0
[debug] [2024-12-01T10:08:37.731Z] Platform:      linux
[debug] [2024-12-01T10:08:37.732Z] Node Version:  v22.3.0
[debug] [2024-12-01T10:08:37.732Z] Time:          Sun Dec 01 2024 11:08:37 GMT+0100 (Central European Standard Time)
[debug] [2024-12-01T10:08:37.732Z] ----------------------------------------------------------------------
[debug] 
[debug] [2024-12-01T10:08:37.735Z] TypeError: Cannot read properties of undefined (reading '0')
    at Command.<anonymous> (/home/enea/.nvm/versions/node/v22.3.0/lib/node_modules/firebase-tools/lib/index.js:58:21)
    at Command.listener [as _actionHandler] (/home/enea/.nvm/versions/node/v22.3.0/lib/node_modules/firebase-tools/node_modules/commander/index.js:413:31)
    at Command._parseCommand (/home/enea/.nvm/versions/node/v22.3.0/lib/node_modules/firebase-tools/node_modules/commander/index.js:914:14)
    at Command.parse (/home/enea/.nvm/versions/node/v22.3.0/lib/node_modules/firebase-tools/node_modules/commander/index.js:717:10)
    at Object.<anonymous> (/home/enea/.nvm/versions/node/v22.3.0/lib/node_modules/firebase-tools/lib/bin/firebase.js:129:22)
    at Module._compile (node:internal/modules/cjs/loader:1460:14)
    at Module._extensions..js (node:internal/modules/cjs/loader:1544:10)
    at Module.load (node:internal/modules/cjs/loader:1275:32)
    at Module._load (node:internal/modules/cjs/loader:1091:12)
    at wrapModuleLoad (node:internal/modules/cjs/loader:212:19)
[error] 
[error] Error: An unexpected error has occurred.
